<?xml version="1.0" encoding="UTF-8"?>
<!-- Generated by org.testng.reporters.JUnitXMLReporter -->
<testsuite hostname="DESKTOP-T5V0UUU" ignored="0" name="Test" tests="6" failures="0" timestamp="2019-11-21T18:49:33 EST" time="0.208" errors="0">
  <testcase name="BrowserAutomation" time="0.028" classname="QAClickAcademy.SeleniumTest"/>
  <testcase name="ElementsUI" time="0.003" classname="QAClickAcademy.SeleniumTest"/>
  <testcase name="DeleteTwitter" time="0.005" classname="QAClickAcademy.RestAPITest"/>
  <testcase name="PostJira" time="0.002" classname="QAClickAcademy.RestAPITest"/>
  <testcase name="IOSApp" time="0.006" classname="QAClickAcademy.AppiumTest"/>
  <testcase name="NativeAPPAndriod" time="0.005" classname="QAClickAcademy.AppiumTest"/>
</testsuite> <!-- Test -->
