<?xml version="1.0" encoding="UTF-8"?>
<!-- Generated by org.testng.reporters.JUnitXMLReporter -->
<testsuite hostname="DESKTOP-T5V0UUU" ignored="0" name="Command line test" tests="6" failures="0" timestamp="2019-11-22T13:45:27 EST" time="0.156" errors="0">
  <testcase name="IOSApp" time="0.016" classname="QAClickAcademy.AppiumTest"/>
  <testcase name="NativeAPPAndriod" time="0.0" classname="QAClickAcademy.AppiumTest"/>
  <testcase name="DeleteTwitter" time="0.0" classname="QAClickAcademy.RestAPITest"/>
  <testcase name="PostJira" time="0.0" classname="QAClickAcademy.RestAPITest"/>
  <testcase name="BrowserAutomation" time="0.0" classname="QAClickAcademy.SeleniumTest"/>
  <testcase name="ElementsUI" time="0.0" classname="QAClickAcademy.SeleniumTest"/>
</testsuite> <!-- Command line test -->
