<?xml version="1.0" encoding="UTF-8"?>
<!-- Generated by org.testng.reporters.JUnitXMLReporter -->
<testsuite hostname="DESKTOP-T5V0UUU" ignored="0" name="Test" tests="4" failures="0" timestamp="2019-11-21T19:20:12 EST" time="0.132" errors="0">
  <testcase name="BrowserAutomation" time="0.019" classname="QAClickAcademy.SeleniumTest"/>
  <testcase name="ElementsUI" time="0.002" classname="QAClickAcademy.SeleniumTest"/>
  <testcase name="DeleteTwitter" time="0.001" classname="QAClickAcademy.RestAPITest"/>
  <testcase name="PostJira" time="0.001" classname="QAClickAcademy.RestAPITest"/>
</testsuite> <!-- Test -->
