<?xml version="1.0" encoding="UTF-8"?>
<testng-results skipped="0" failed="0" ignored="0" total="6" passed="6">
  <reporter-output>
  </reporter-output>
  <suite name="Command line suite" duration-ms="156" started-at="2019-11-22T13:45:27 EST" finished-at="2019-11-22T13:45:27 EST">
    <groups>
    </groups>
    <test name="Command line test" duration-ms="156" started-at="2019-11-22T13:45:27 EST" finished-at="2019-11-22T13:45:27 EST">
      <class name="QAClickAcademy.SeleniumTest">
        <test-method status="PASS" signature="BrowserAutomation()[pri:0, instance:QAClickAcademy.SeleniumTest@56ef9176]" name="BrowserAutomation" duration-ms="0" started-at="2019-11-22T13:45:27 EST" finished-at="2019-11-22T13:45:27 EST">
          <reporter-output>
          </reporter-output>
        </test-method> <!-- BrowserAutomation -->
        <test-method status="PASS" signature="ElementsUI()[pri:0, instance:QAClickAcademy.SeleniumTest@56ef9176]" name="ElementsUI" duration-ms="0" started-at="2019-11-22T13:45:27 EST" finished-at="2019-11-22T13:45:27 EST">
          <reporter-output>
          </reporter-output>
        </test-method> <!-- ElementsUI -->
      </class> <!-- QAClickAcademy.SeleniumTest -->
      <class name="QAClickAcademy.RestAPITest">
        <test-method status="PASS" signature="DeleteTwitter()[pri:0, instance:QAClickAcademy.RestAPITest@13805618]" name="DeleteTwitter" duration-ms="0" started-at="2019-11-22T13:45:27 EST" finished-at="2019-11-22T13:45:27 EST">
          <reporter-output>
          </reporter-output>
        </test-method> <!-- DeleteTwitter -->
        <test-method status="PASS" signature="PostJira()[pri:0, instance:QAClickAcademy.RestAPITest@13805618]" name="PostJira" duration-ms="0" started-at="2019-11-22T13:45:27 EST" finished-at="2019-11-22T13:45:27 EST">
          <reporter-output>
          </reporter-output>
        </test-method> <!-- PostJira -->
      </class> <!-- QAClickAcademy.RestAPITest -->
      <class name="QAClickAcademy.AppiumTest">
        <test-method status="PASS" signature="IOSApp()[pri:0, instance:QAClickAcademy.AppiumTest@cb644e]" name="IOSApp" duration-ms="16" started-at="2019-11-22T13:45:27 EST" finished-at="2019-11-22T13:45:27 EST">
          <reporter-output>
          </reporter-output>
        </test-method> <!-- IOSApp -->
        <test-method status="PASS" signature="NativeAPPAndriod()[pri:0, instance:QAClickAcademy.AppiumTest@cb644e]" name="NativeAPPAndriod" duration-ms="0" started-at="2019-11-22T13:45:27 EST" finished-at="2019-11-22T13:45:27 EST">
          <reporter-output>
          </reporter-output>
        </test-method> <!-- NativeAPPAndriod -->
      </class> <!-- QAClickAcademy.AppiumTest -->
    </test> <!-- Command line test -->
  </suite> <!-- Command line suite -->
</testng-results>
