<?xml version="1.0" encoding="UTF-8"?>
<testng-results skipped="0" failed="0" ignored="0" total="6" passed="6">
  <reporter-output>
  </reporter-output>
  <suite name="Suite" duration-ms="208" started-at="2019-11-21T18:49:33 EST" finished-at="2019-11-21T18:49:33 EST">
    <groups>
    </groups>
    <test name="Test" duration-ms="208" started-at="2019-11-21T18:49:33 EST" finished-at="2019-11-21T18:49:33 EST">
      <class name="QAClickAcademy.SeleniumTest">
        <test-method status="PASS" signature="BrowserAutomation()[pri:0, instance:QAClickAcademy.SeleniumTest@1786dec2]" name="BrowserAutomation" duration-ms="28" started-at="2019-11-21T18:49:33 EST" finished-at="2019-11-21T18:49:33 EST">
          <reporter-output>
          </reporter-output>
        </test-method> <!-- BrowserAutomation -->
        <test-method status="PASS" signature="ElementsUI()[pri:0, instance:QAClickAcademy.SeleniumTest@1786dec2]" name="ElementsUI" duration-ms="3" started-at="2019-11-21T18:49:33 EST" finished-at="2019-11-21T18:49:33 EST">
          <reporter-output>
          </reporter-output>
        </test-method> <!-- ElementsUI -->
      </class> <!-- QAClickAcademy.SeleniumTest -->
      <class name="QAClickAcademy.RestAPITest">
        <test-method status="PASS" signature="DeleteTwitter()[pri:0, instance:QAClickAcademy.RestAPITest@74650e52]" name="DeleteTwitter" duration-ms="5" started-at="2019-11-21T18:49:33 EST" finished-at="2019-11-21T18:49:33 EST">
          <reporter-output>
          </reporter-output>
        </test-method> <!-- DeleteTwitter -->
        <test-method status="PASS" signature="PostJira()[pri:0, instance:QAClickAcademy.RestAPITest@74650e52]" name="PostJira" duration-ms="2" started-at="2019-11-21T18:49:33 EST" finished-at="2019-11-21T18:49:33 EST">
          <reporter-output>
          </reporter-output>
        </test-method> <!-- PostJira -->
      </class> <!-- QAClickAcademy.RestAPITest -->
      <class name="QAClickAcademy.AppiumTest">
        <test-method status="PASS" signature="IOSApp()[pri:0, instance:QAClickAcademy.AppiumTest@15d0c81b]" name="IOSApp" duration-ms="6" started-at="2019-11-21T18:49:33 EST" finished-at="2019-11-21T18:49:33 EST">
          <reporter-output>
          </reporter-output>
        </test-method> <!-- IOSApp -->
        <test-method status="PASS" signature="NativeAPPAndriod()[pri:0, instance:QAClickAcademy.AppiumTest@15d0c81b]" name="NativeAPPAndriod" duration-ms="5" started-at="2019-11-21T18:49:33 EST" finished-at="2019-11-21T18:49:33 EST">
          <reporter-output>
          </reporter-output>
        </test-method> <!-- NativeAPPAndriod -->
      </class> <!-- QAClickAcademy.AppiumTest -->
    </test> <!-- Test -->
  </suite> <!-- Suite -->
</testng-results>
